[14:51:49] [ServerMain/INFO]: Environment: Environment[sessionHost=https://sessionserver.mojang.com, servicesHost=https://api.minecraftservices.com, name=PROD]
[14:51:50] [ServerMain/INFO]: Loaded 1373 recipes
[14:51:50] [ServerMain/INFO]: Loaded 1484 advancements
[14:51:50] [Server thread/INFO]: Starting minecraft server version 1.21.5
[14:51:50] [Server thread/INFO]: Loading properties
[14:51:50] [Server thread/INFO]: Default game type: SURVIVAL
[14:51:50] [Server thread/INFO]: Generating keypair
[14:51:51] [Server thread/INFO]: Starting Minecraft server on *:25565
[14:51:51] [Server thread/INFO]: Using epoll channel type
[14:51:51] [Server thread/WARN]: **** SERVER IS RUNNING IN OFFLINE/INSECURE MODE!
[14:51:51] [Server thread/WARN]: The server will make no attempt to authenticate usernames. Beware.
[14:51:51] [Server thread/WARN]: While this makes the game possible to play without internet access, it also opens up the ability for hackers to connect with any username they choose.
[14:51:51] [Server thread/WARN]: To change this, set "online-mode" to "true" in the server.properties file.
[14:51:51] [Server thread/INFO]: Preparing level "world"
[14:51:51] [Server thread/INFO]: Preparing start region for dimension minecraft:overworld
[14:51:55] [Worker-Main-1/INFO]: Preparing spawn area: 0%
[14:51:55] [Worker-Main-1/INFO]: Preparing spawn area: 0%
[14:51:55] [Worker-Main-1/INFO]: Preparing spawn area: 0%
[14:51:55] [Worker-Main-1/INFO]: Preparing spawn area: 0%
[14:51:55] [Worker-Main-1/INFO]: Preparing spawn area: 0%
[14:51:55] [Worker-Main-1/INFO]: Preparing spawn area: 0%
[14:51:55] [Worker-Main-1/INFO]: Preparing spawn area: 0%
[14:51:55] [Worker-Main-1/INFO]: Preparing spawn area: 0%
[14:51:55] [Server thread/INFO]: Time elapsed: 3953 ms
[14:51:55] [Server thread/INFO]: Done (4.319s)! For help, type "help"
[14:52:55] [Server thread/INFO]: Server empty for 60 seconds, pausing
[14:53:07] [Server thread/INFO]: frank21kchero[/127.47.70.255:59331] logged in with entity id 4 at (165.87410356899863, 71.0, 1239.1334078759216)
[14:53:07] [Server thread/INFO]: frank21kchero joined the game
[15:08:24] [Server thread/INFO]: frank21kchero lost connection: Disconnected
[15:08:24] [Server thread/INFO]: frank21kchero left the game
[15:09:24] [Server thread/INFO]: Server empty for 60 seconds, pausing
[15:25:08] [Server thread/INFO]: frank21kchero[/127.47.70.255:42763] logged in with entity id 2896 at (244.69999998807907, -45.0, 1230.3955453159172)
[15:25:08] [Server thread/INFO]: frank21kchero joined the game
[15:27:42] [Server thread/INFO]: frank21kchero has made the advancement [Cover Me with Diamonds]
[15:32:43] [Server thread/INFO]: frank21kchero has made the advancement [The Parrots and the Bats]
[15:42:33] [Server thread/INFO]: Villager cru['Librarian'/2934, l='ServerLevel[world]', x=181.68, y=68.23, z=1200.06] died, message: 'Librarian was slain by frank21kchero'
[15:46:00] [Server thread/INFO]: Villager cru['Librarian'/2959, l='ServerLevel[world]', x=184.10, y=69.00, z=1211.89] died, message: 'Librarian was slain by frank21kchero'
[16:15:22] [Server thread/INFO]: frank21kchero has made the advancement [We Need to Go Deeper]
[16:15:24] [Server thread/WARN]: Can't keep up! Is the server overloaded? Running 2931ms or 58 ticks behind
[16:15:44] [Server thread/INFO]: [Not Secure] <frank21kchero> 21 62 153
[16:16:39] [Server thread/WARN]: Mismatch in destroy block pos: iw{x=9, y=71, z=128} iw{x=9, y=71, z=129}
[16:16:39] [Server thread/WARN]: Mismatch in destroy block pos: iw{x=9, y=71, z=128} iw{x=9, y=71, z=129}
[16:16:39] [Server thread/WARN]: Mismatch in destroy block pos: iw{x=9, y=71, z=128} iw{x=9, y=71, z=129}
[16:16:39] [Server thread/WARN]: Mismatch in destroy block pos: iw{x=9, y=71, z=128} iw{x=9, y=71, z=129}
[16:16:39] [Server thread/WARN]: Mismatch in destroy block pos: iw{x=9, y=71, z=128} iw{x=9, y=71, z=129}
[16:21:07] [Server thread/WARN]: frank21kchero moved too quickly! 1.4091957124567855,0.20326439933130303,-9.988788383991505
[16:25:52] [Server thread/INFO]: frank21kchero has made the advancement [Oh Shiny]
[16:26:37] [Server thread/INFO]: frank21kchero has made the advancement [Who is Cutting Onions?]
[16:27:01] [Server thread/INFO]: frank21kchero has made the advancement [Ol' Betsy]
[16:29:49] [Server thread/INFO]: frank21kchero has made the advancement [A Terrible Fortress]
[16:32:34] [Server thread/INFO]: frank21kchero has made the advancement [Into Fire]
[16:44:05] [Server thread/INFO]: frank21kchero was burned to a crisp while fighting Blaze
[16:44:13] [Server thread/INFO]: frank21kchero lost connection: Disconnected
[16:44:13] [Server thread/INFO]: frank21kchero left the game
[16:45:13] [Server thread/INFO]: Server empty for 60 seconds, pausing
